{
  "RSpec": {
    "coverage": {
      "/home/stefan50/Documents/Elsys/tp/RSA-rails/config/environment.rb": [
        null,
        1,
        null,
        null,
        1
      ],
      "/home/stefan50/Documents/Elsys/tp/RSA-rails/config/application.rb": [
        1,
        null,
        1,
        null,
        null,
        null,
        1,
        null,
        1,
        1,
        null,
        1,
        null,
        null,
        null,
        null,
        null,
        null
      ],
      "/home/stefan50/Documents/Elsys/tp/RSA-rails/config/boot.rb": [
        1,
        null,
        1
      ],
      "/home/stefan50/Documents/Elsys/tp/RSA-rails/config/environments/test.rb": [
        1,
        null,
        null,
        null,
        null,
        null,
        null,
        1,
        null,
        null,
        null,
        null,
        1,
        null,
        null,
        1,
        1,
        null,
        null,
        null,
        null,
        1,
        1,
        null,
        null,
        1,
        null,
        null,
        1,
        1,
        null,
        null,
        null,
        null,
        1,
        null,
        null,
        1,
        null,
        null,
        null,
        null
      ],
      "/home/stefan50/Documents/Elsys/tp/RSA-rails/config/initializers/application_controller_renderer.rb": [
        null,
        null,
        null,
        null,
        null,
        null,
        null,
        null
      ],
      "/home/stefan50/Documents/Elsys/tp/RSA-rails/config/initializers/assets.rb": [
        null,
        null,
        null,
        1,
        null,
        null,
        null,
        null,
        1,
        null,
        null,
        null,
        null,
        null
      ],
      "/home/stefan50/Documents/Elsys/tp/RSA-rails/config/initializers/backtrace_silencers.rb": [
        null,
        null,
        null,
        null,
        null,
        null,
        null
      ],
      "/home/stefan50/Documents/Elsys/tp/RSA-rails/config/initializers/cookies_serializer.rb": [
        null,
        null,
        null,
        null,
        1
      ],
      "/home/stefan50/Documents/Elsys/tp/RSA-rails/config/initializers/filter_parameter_logging.rb": [
        null,
        null,
        null,
        1
      ],
      "/home/stefan50/Documents/Elsys/tp/RSA-rails/config/initializers/inflections.rb": [
        null,
        null,
        null,
        null,
        null,
        null,
        null,
        null,
        null,
        null,
        null,
        null,
        null,
        null,
        null,
        null
      ],
      "/home/stefan50/Documents/Elsys/tp/RSA-rails/config/initializers/mime_types.rb": [
        null,
        null,
        null,
        null
      ],
      "/home/stefan50/Documents/Elsys/tp/RSA-rails/config/initializers/wrap_parameters.rb": [
        null,
        null,
        null,
        null,
        null,
        null,
        1,
        2,
        null,
        null,
        null,
        null,
        null,
        null
      ],
      "/home/stefan50/Documents/Elsys/tp/RSA-rails/config/routes.rb": [
        1,
        null,
        1,
        1,
        1,
        1,
        null
      ],
      "/home/stefan50/Documents/Elsys/tp/RSA-rails/app/helpers/application_helper.rb": [
        1,
        null
      ],
      "/home/stefan50/Documents/Elsys/tp/RSA-rails/app/helpers/decrypt_messages_helper.rb": [
        1,
        null
      ],
      "/home/stefan50/Documents/Elsys/tp/RSA-rails/app/helpers/encrypt_messages_helper.rb": [
        1,
        null
      ],
      "/home/stefan50/Documents/Elsys/tp/RSA-rails/app/helpers/rsas_helper.rb": [
        1,
        null
      ],
      "/home/stefan50/Documents/Elsys/tp/RSA-rails/app/controllers/encrypt_messages_controller.rb": [
        1,
        1,
        1,
        0,
        0,
        0,
        0,
        null,
        0,
        null,
        null,
        1,
        0,
        0,
        0,
        0,
        null,
        null,
        1,
        1,
        0,
        0,
        0,
        0,
        0,
        null,
        0,
        0,
        null,
        null,
        null
      ],
      "/home/stefan50/Documents/Elsys/tp/RSA-rails/app/controllers/application_controller.rb": [
        1,
        1,
        null
      ],
      "/home/stefan50/Documents/Elsys/tp/RSA-rails/spec/controllers/rsas_controller_spec.rb": [
        1,
        1,
        null,
        1,
        1,
        1,
        1,
        1,
        null,
        1,
        1,
        1,
        null,
        1,
        1,
        1,
        1,
        null,
        null
      ],
      "/home/stefan50/Documents/Elsys/tp/RSA-rails/app/controllers/rsas_controller.rb": [
        1,
        1,
        1,
        null,
        1,
        0,
        0,
        null,
        0,
        0,
        null,
        0,
        0,
        null,
        null,
        1,
        0,
        0,
        0,
        0,
        0,
        0,
        null,
        null,
        1,
        1,
        0,
        0,
        0,
        0,
        null,
        null,
        0,
        null,
        null,
        1,
        0,
        0,
        0,
        0,
        null,
        null,
        0,
        null,
        null,
        1,
        0,
        0,
        null,
        0,
        0,
        0,
        0,
        0,
        0,
        null,
        null,
        0,
        0,
        0,
        0,
        null,
        null,
        0,
        0,
        0,
        0,
        0,
        null,
        null
      ]
    },
    "timestamp": 1515510519
  }
}
